<?xml version="1.0" encoding="UTF-8"?>
<!-- Generated by org.testng.reporters.JUnitReportReporter -->
<testsuite hostname="Arbiya-Maitems" name="TestCases.CustomerMasterTC" tests="2" failures="0" timestamp="24 Aug 2017 18:11:00 GMT" time="365.105" errors="0">
  <testcase name="AddNewCustomerTest" time="275.803" classname="TestCases.CustomerMasterTC"/>
  <testcase name="CustTest" time="89.302" classname="TestCases.CustomerMasterTC"/>
</testsuite> <!-- TestCases.CustomerMasterTC -->
