<?xml version="1.0" encoding="UTF-8"?>
<!-- Generated by org.testng.reporters.JUnitReportReporter -->
<testsuite hostname="Arbiya-Maitems" name="TestCases.SupplierMasterTC" tests="3" failures="0" timestamp="25 Aug 2017 11:16:35 GMT" time="257.541" errors="0">
  <testcase name="CreateSupplierTC" time="83.040" classname="TestCases.SupplierMasterTC"/>
  <testcase name="SyncSupplierTC" time="122.172" classname="TestCases.SupplierMasterTC"/>
  <testcase name="OpenSupplierMasterTC" time="52.329" classname="TestCases.SupplierMasterTC"/>
</testsuite> <!-- TestCases.SupplierMasterTC -->
